[mobirise.com/extensions/businessm4/travel-agency/index.html]
[mobirise.com/extensions/businessm4/travel-agency/assets/images/artiom-vallat-558027-unsplash-1519757244-94.181.200.62-1-1920x1280.jpg]
[backblue.gif]
[fade.gif]
[index.html]
[mobirise.com/extensions/businessm4/travel-agency/assets/web/assets/mobirise-icons/mobirise-icons.css]
[mobirise.com/extensions/businessm4/travel-agency/assets/tether/tether.min.css]
[mobirise.com/extensions/businessm4/travel-agency/assets/soundcloud-plugin/style.css]
[mobirise.com/extensions/businessm4/travel-agency/assets/bootstrap/css/bootstrap.min.css]
[mobirise.com/extensions/businessm4/travel-agency/assets/bootstrap/css/bootstrap-grid.min.css]
[mobirise.com/extensions/businessm4/travel-agency/assets/bootstrap/css/bootstrap-reboot.min.css]
[mobirise.com/extensions/businessm4/travel-agency/assets/dropdown/css/style.css]
[mobirise.com/extensions/businessm4/travel-agency/assets/socicon/css/styles.css]
[mobirise.com/extensions/businessm4/travel-agency/assets/theme/css/style.css]
[mobirise.com/extensions/businessm4/travel-agency/assets/mobirise/css/mbr-additional.css]
[mobirise.com/extensions/businessm4/travel-agency/assets/images/khatam-tadayon-107740-1200x796.jpg]
[mobirise.com/extensions/businessm4/travel-agency/assets/images/sho-hatakeyama-117306-unsplash-1200x800.jpg]
[mobirise.com/extensions/businessm4/travel-agency/assets/images/luca-bravo-121931-unsplash-1200x800.jpg]
[mobirise.com/extensions/businessm4/travel-agency/assets/images/ross-parmly-25230-unsplash-1200x797.jpg]
[mobirise.com/extensions/businessm4/travel-agency/assets/images/jack-catterall-6268-unsplash-1200x800.jpg]
[mobirise.com/extensions/businessm4/travel-agency/assets/web/assets/jquery/jquery.min.js]
[mobirise.com/extensions/businessm4/travel-agency/assets/popper/popper.min.js]
[mobirise.com/extensions/businessm4/travel-agency/assets/tether/tether.min.js]
[mobirise.com/extensions/businessm4/travel-agency/assets/bootstrap/js/bootstrap.min.js]
[mobirise.com/extensions/businessm4/travel-agency/assets/smoothscroll/smooth-scroll.js]
[mobirise.com/extensions/businessm4/travel-agency/assets/dropdown/js/script.min.js]
[mobirise.com/extensions/businessm4/travel-agency/assets/touch-swipe/jquery.touch-swipe.min.js]
[mobirise.com/extensions/businessm4/travel-agency/assets/parallax/jarallax.min.js]
[mobirise.com/extensions/businessm4/travel-agency/assets/theme/js/script.js]
[mobirise.com/extensions/businessm4/travel-agency/assets/formoid/formoid.min.js]
[mobirise.com/extensions/businessm4/travel-agency/index.html]
[mobirise.com/extensions/businessm4/travel-agency/assets/web/assets/mobirise-icons/mobirise-icons0e1c.eot]
[mobirise.com/extensions/businessm4/travel-agency/assets/web/assets/mobirise-icons/mobirise-icons0e1c.ttf]
[mobirise.com/extensions/businessm4/travel-agency/assets/web/assets/mobirise-icons/mobirise-icons0e1c.woff]
[mobirise.com/extensions/businessm4/travel-agency/assets/web/assets/mobirise-icons/mobirise-icons.css]
[mobirise.com/extensions/businessm4/travel-agency/assets/tether/tether.min.css]
[mobirise.com/extensions/businessm4/travel-agency/assets/soundcloud-plugin/style.css]
[mobirise.com/extensions/businessm4/travel-agency/assets/bootstrap/css/bootstrap.min.css]
[mobirise.com/extensions/businessm4/travel-agency/assets/bootstrap/css/bootstrap-grid.min.css]
[mobirise.com/extensions/businessm4/travel-agency/assets/bootstrap/css/bootstrap-reboot.min.css]
[mobirise.com/extensions/businessm4/travel-agency/assets/dropdown/css/style.css]
[mobirise.com/extensions/businessm4/travel-agency/assets/web/assets/mobirise-icons/mobirise-icons0e1c.svg]
[mobirise.com/extensions/businessm4/travel-agency/assets/socicon/fonts/socicon.eot]
[mobirise.com/extensions/businessm4/travel-agency/assets/socicon/fonts/socicond41d.eot]
[mobirise.com/extensions/businessm4/travel-agency/assets/socicon/fonts/socicon.woff]
[mobirise.com/extensions/businessm4/travel-agency/assets/socicon/fonts/socicon.ttf]
[mobirise.com/extensions/businessm4/travel-agency/assets/socicon/css/styles.css]
[mobirise.com/extensions/businessm4/travel-agency/assets/theme/css/style.css]
[mobirise.com/extensions/businessm4/travel-agency/assets/socicon/fonts/socicon.svg]
[mobirise.com/extensions/businessm4/travel-agency/assets/images/artiom-vallat-558027-unsplash-1519757244-94.181.200.62-1920x1280.jpg]
[mobirise.com/extensions/businessm4/travel-agency/assets/images/background6-1920x1280.jpg]
[mobirise.com/extensions/businessm4/travel-agency/assets/mobirise/css/mbr-additional.css]
[www.googletagmanager.com/gtm5445.html]
[mobirise.com/extensions/businessm4/travel-agency/assets/web/assets/mobirise-icons/mobirise-icons0e1c.svg]
[mobirise.com/extensions/businessm4/travel-agency/assets/socicon/fonts/socicon.svg]
